<?xml version="1.0" encoding="UTF-8"?>
<!-- Generated by org.testng.reporters.JUnitXMLReporter -->
<testsuite ignored="0" hostname="INWPF1VRP3X-AAD" failures="1" tests="7" name="Default test" time="14.13" errors="0" timestamp="2023-11-24T20:40:44 IST">
  <testcase classname="com.api.automation.runner.TestNGRunner" name="runScenario" time="6.101"/>
  <testcase classname="com.api.automation.runner.TestNGRunner" name="runScenario" time="0.655"/>
  <testcase classname="com.api.automation.runner.TestNGRunner" name="runScenario" time="0.267"/>
  <testcase classname="com.api.automation.runner.TestNGRunner" name="runScenario" time="0.226"/>
  <testcase classname="com.api.automation.runner.TestNGRunner" name="runScenario" time="0.591"/>
  <testcase classname="com.api.automation.runner.TestNGRunner" name="runScenario" time="0.47">
    <failure type="java.lang.AssertionError" message="Expected Status Code is : 201">
      <![CDATA[java.lang.AssertionError: Expected Status Code is : 201
at org.junit.Assert.fail(Assert.java:89)
at org.junit.Assert.assertTrue(Assert.java:42)
at com.api.automation.stepdef.ModifyUserDetailsStepDef.verifyStatusCode(ModifyUserDetailsStepDef.java:40)
at ✽.Verify status code using 201(file:///C:/Users/aganesh/eclipse-workspace/API_Automation/./Features/ModifyRecord.feature:36)
]]>
    </failure>
  </testcase> <!-- runScenario -->
  <testcase classname="com.api.automation.runner.TestNGRunner" name="runScenario" time="0.438"/>
</testsuite> <!-- Default test -->
