<?xml version="1.0" encoding="UTF-8"?>
<!-- Generated by org.testng.reporters.JUnitXMLReporter -->
<testsuite ignored="0" hostname="INWPF1VRP3X-AAD" failures="1" tests="7" name="Test" time="9.66" errors="0" timestamp="2023-11-30T23:08:44 IST">
  <testcase classname="com.api.automation.runner.TestNGRunner" name="runScenario" time="3.973"/>
  <testcase classname="com.api.automation.runner.TestNGRunner" name="runScenario" time="0.544"/>
  <testcase classname="com.api.automation.runner.TestNGRunner" name="runScenario" time="0.11"/>
  <testcase classname="com.api.automation.runner.TestNGRunner" name="runScenario" time="0.1"/>
  <testcase classname="com.api.automation.runner.TestNGRunner" name="runScenario" time="0.396"/>
  <testcase classname="com.api.automation.runner.TestNGRunner" name="runScenario" time="0.356"/>
  <testcase classname="com.api.automation.runner.TestNGRunner" name="runScenario" time="0.372">
    <failure type="java.lang.AssertionError" message="Expected Status Code : 404">
      <![CDATA[java.lang.AssertionError: Expected Status Code : 404
at org.junit.Assert.fail(Assert.java:89)
at org.junit.Assert.assertTrue(Assert.java:42)
at com.api.automation.stepdef.DeleteUserDetailsStepDef.verifyStatusCode(DeleteUserDetailsStepDef.java:32)
at ✽.Verify status Code as 404(file:///C:/Users/aganesh/eclipse-workspace/API_Automation/./Features/RemoveRecord.feature:26)
]]>
    </failure>
  </testcase> <!-- runScenario -->
</testsuite> <!-- Test -->
