<?xml version="1.0" encoding="UTF-8"?>
<testng-results ignored="0" total="7" passed="6" failed="1" skipped="0">
  <reporter-output>
  </reporter-output>
  <suite started-at="2023-11-24T20:40:30 IST" name="Default suite" finished-at="2023-11-24T20:40:44 IST" duration-ms="14130">
    <groups>
      <group name="cucumber">
        <method signature="TestNGRunner.runScenario(io.cucumber.testng.PickleWrapper,io.cucumber.testng.FeatureWrapper)[pri:0, instance:com.api.automation.runner.TestNGRunner@f0c8a99]" name="runScenario" class="com.api.automation.runner.TestNGRunner"/>
      </group> <!-- cucumber -->
    </groups>
    <test started-at="2023-11-24T20:40:30 IST" name="Default test" finished-at="2023-11-24T20:40:44 IST" duration-ms="14130">
      <class name="com.api.automation.runner.TestNGRunner">
        <test-method is-config="true" signature="setUpClass(org.testng.ITestContext)[pri:0, instance:com.api.automation.runner.TestNGRunner@f0c8a99]" started-at="2023-11-24T20:40:30 IST" name="setUpClass" finished-at="2023-11-24T20:40:32 IST" duration-ms="2099" status="PASS">
          <params>
            <param index="0">
              <value>
                <![CDATA[org.testng.TestRunner@390a07a0]]>
              </value>
            </param>
          </params>
          <reporter-output>
          </reporter-output>
        </test-method> <!-- setUpClass -->
        <test-method signature="runScenario(io.cucumber.testng.PickleWrapper,io.cucumber.testng.FeatureWrapper)[pri:0, instance:com.api.automation.runner.TestNGRunner@f0c8a99]" started-at="2023-11-24T20:40:32 IST" name="runScenario" description="Runs Cucumber Scenarios" data-provider="scenarios" finished-at="2023-11-24T20:40:38 IST" duration-ms="6101" status="PASS">
          <params>
            <param index="0">
              <value>
                <![CDATA["Verify to Create New Record Using Post Call"]]>
              </value>
            </param>
            <param index="1">
              <value>
                <![CDATA["Post Call Scenarios"]]>
              </value>
            </param>
          </params>
          <reporter-output>
          </reporter-output>
        </test-method> <!-- runScenario -->
        <test-method signature="runScenario(io.cucumber.testng.PickleWrapper,io.cucumber.testng.FeatureWrapper)[pri:0, instance:com.api.automation.runner.TestNGRunner@f0c8a99]" started-at="2023-11-24T20:40:38 IST" name="runScenario" description="Runs Cucumber Scenarios" data-provider="scenarios" finished-at="2023-11-24T20:40:39 IST" duration-ms="655" status="PASS">
          <params>
            <param index="0">
              <value>
                <![CDATA["Verify to Create New Record Using Post Call"]]>
              </value>
            </param>
            <param index="1">
              <value>
                <![CDATA["Post Call Scenarios"]]>
              </value>
            </param>
          </params>
          <reporter-output>
          </reporter-output>
        </test-method> <!-- runScenario -->
        <test-method signature="runScenario(io.cucumber.testng.PickleWrapper,io.cucumber.testng.FeatureWrapper)[pri:0, instance:com.api.automation.runner.TestNGRunner@f0c8a99]" started-at="2023-11-24T20:40:39 IST" name="runScenario" description="Runs Cucumber Scenarios" data-provider="scenarios" finished-at="2023-11-24T20:40:39 IST" duration-ms="267" status="PASS">
          <params>
            <param index="0">
              <value>
                <![CDATA["Get User Details using Id"]]>
              </value>
            </param>
            <param index="1">
              <value>
                <![CDATA["Verify User Details"]]>
              </value>
            </param>
          </params>
          <reporter-output>
          </reporter-output>
        </test-method> <!-- runScenario -->
        <test-method signature="runScenario(io.cucumber.testng.PickleWrapper,io.cucumber.testng.FeatureWrapper)[pri:0, instance:com.api.automation.runner.TestNGRunner@f0c8a99]" started-at="2023-11-24T20:40:39 IST" name="runScenario" description="Runs Cucumber Scenarios" data-provider="scenarios" finished-at="2023-11-24T20:40:40 IST" duration-ms="226" status="PASS">
          <params>
            <param index="0">
              <value>
                <![CDATA["Get User Details using Id"]]>
              </value>
            </param>
            <param index="1">
              <value>
                <![CDATA["Verify User Details"]]>
              </value>
            </param>
          </params>
          <reporter-output>
          </reporter-output>
        </test-method> <!-- runScenario -->
        <test-method signature="runScenario(io.cucumber.testng.PickleWrapper,io.cucumber.testng.FeatureWrapper)[pri:0, instance:com.api.automation.runner.TestNGRunner@f0c8a99]" started-at="2023-11-24T20:40:40 IST" name="runScenario" description="Runs Cucumber Scenarios" data-provider="scenarios" finished-at="2023-11-24T20:40:40 IST" duration-ms="591" status="PASS">
          <params>
            <param index="0">
              <value>
                <![CDATA["Verify Update is working fine using PUT Call"]]>
              </value>
            </param>
            <param index="1">
              <value>
                <![CDATA["Modify Existing Record Functionality"]]>
              </value>
            </param>
          </params>
          <reporter-output>
          </reporter-output>
        </test-method> <!-- runScenario -->
        <test-method signature="runScenario(io.cucumber.testng.PickleWrapper,io.cucumber.testng.FeatureWrapper)[pri:0, instance:com.api.automation.runner.TestNGRunner@f0c8a99]" started-at="2023-11-24T20:40:40 IST" name="runScenario" description="Runs Cucumber Scenarios" data-provider="scenarios" finished-at="2023-11-24T20:40:41 IST" duration-ms="470" status="FAIL">
          <params>
            <param index="0">
              <value>
                <![CDATA["Verify Update is working fine using PUT Call (Through POJO)"]]>
              </value>
            </param>
            <param index="1">
              <value>
                <![CDATA["Modify Existing Record Functionality"]]>
              </value>
            </param>
          </params>
          <exception class="java.lang.AssertionError">
            <message>
              <![CDATA[Expected Status Code is : 201]]>
            </message>
            <full-stacktrace>
              <![CDATA[java.lang.AssertionError: Expected Status Code is : 201
at org.junit.Assert.fail(Assert.java:89)
at org.junit.Assert.assertTrue(Assert.java:42)
at com.api.automation.stepdef.ModifyUserDetailsStepDef.verifyStatusCode(ModifyUserDetailsStepDef.java:40)
at ✽.Verify status code using 201(file:///C:/Users/aganesh/eclipse-workspace/API_Automation/./Features/ModifyRecord.feature:36)
]]>
            </full-stacktrace>
          </exception> <!-- java.lang.AssertionError -->
          <reporter-output>
          </reporter-output>
        </test-method> <!-- runScenario -->
        <test-method signature="runScenario(io.cucumber.testng.PickleWrapper,io.cucumber.testng.FeatureWrapper)[pri:0, instance:com.api.automation.runner.TestNGRunner@f0c8a99]" started-at="2023-11-24T20:40:41 IST" name="runScenario" description="Runs Cucumber Scenarios" data-provider="scenarios" finished-at="2023-11-24T20:40:41 IST" duration-ms="438" status="PASS">
          <params>
            <param index="0">
              <value>
                <![CDATA["Remove Existing Record Using Delete Call"]]>
              </value>
            </param>
            <param index="1">
              <value>
                <![CDATA["Remove the Record"]]>
              </value>
            </param>
          </params>
          <reporter-output>
          </reporter-output>
        </test-method> <!-- runScenario -->
        <test-method is-config="true" signature="tearDownClass()[pri:0, instance:com.api.automation.runner.TestNGRunner@f0c8a99]" started-at="2023-11-24T20:40:41 IST" name="tearDownClass" finished-at="2023-11-24T20:40:44 IST" duration-ms="3125" status="PASS">
          <reporter-output>
          </reporter-output>
        </test-method> <!-- tearDownClass -->
      </class> <!-- com.api.automation.runner.TestNGRunner -->
    </test> <!-- Default test -->
  </suite> <!-- Default suite -->
</testng-results>
