<?xml version="1.0" encoding="UTF-8"?>
<testng-results ignored="0" total="1" passed="0" failed="1" skipped="0">
  <reporter-output>
  </reporter-output>
  <suite started-at="2023-11-30T23:15:22 IST" name="Default suite" finished-at="2023-11-30T23:15:29 IST" duration-ms="7086">
    <groups>
      <group name="cucumber">
        <method signature="TestNGRunner.runScenario(io.cucumber.testng.PickleWrapper,io.cucumber.testng.FeatureWrapper)[pri:0, instance:com.api.automation.runner.TestNGRunner@1ed4ae0f]" name="runScenario" class="com.api.automation.runner.TestNGRunner"/>
      </group> <!-- cucumber -->
    </groups>
    <test started-at="2023-11-30T23:15:22 IST" name="Default test" finished-at="2023-11-30T23:15:29 IST" duration-ms="7086">
      <class name="com.api.automation.runner.TestNGRunner">
        <test-method is-config="true" signature="setUpClass(org.testng.ITestContext)[pri:0, instance:com.api.automation.runner.TestNGRunner@1ed4ae0f]" started-at="2023-11-30T23:15:22 IST" name="setUpClass" finished-at="2023-11-30T23:15:24 IST" duration-ms="1604" status="PASS">
          <params>
            <param index="0">
              <value>
                <![CDATA[org.testng.TestRunner@1c788d08]]>
              </value>
            </param>
          </params>
          <reporter-output>
          </reporter-output>
        </test-method> <!-- setUpClass -->
        <test-method signature="runScenario(io.cucumber.testng.PickleWrapper,io.cucumber.testng.FeatureWrapper)[pri:0, instance:com.api.automation.runner.TestNGRunner@1ed4ae0f]" started-at="2023-11-30T23:15:24 IST" name="runScenario" description="Runs Cucumber Scenarios" data-provider="scenarios" finished-at="2023-11-30T23:15:27 IST" duration-ms="3467" status="FAIL">
          <params>
            <param index="0">
              <value>
                <![CDATA["Remove Existing Record Using Delete Call"]]>
              </value>
            </param>
            <param index="1">
              <value>
                <![CDATA["Remove the Record"]]>
              </value>
            </param>
          </params>
          <exception class="java.lang.AssertionError">
            <message>
              <![CDATA[Expected Status Code : 404]]>
            </message>
            <full-stacktrace>
              <![CDATA[java.lang.AssertionError: Expected Status Code : 404
at org.junit.Assert.fail(Assert.java:89)
at org.junit.Assert.assertTrue(Assert.java:42)
at com.api.automation.stepdef.DeleteUserDetailsStepDef.verifyStatusCode(DeleteUserDetailsStepDef.java:32)
at ✽.Verify status Code as 404(file:///C:/Users/aganesh/eclipse-workspace/API_Automation/./Features/RemoveRecord.feature:26)
]]>
            </full-stacktrace>
          </exception> <!-- java.lang.AssertionError -->
          <reporter-output>
          </reporter-output>
        </test-method> <!-- runScenario -->
        <test-method is-config="true" signature="tearDownClass()[pri:0, instance:com.api.automation.runner.TestNGRunner@1ed4ae0f]" started-at="2023-11-30T23:15:27 IST" name="tearDownClass" finished-at="2023-11-30T23:15:29 IST" duration-ms="1929" status="PASS">
          <reporter-output>
          </reporter-output>
        </test-method> <!-- tearDownClass -->
      </class> <!-- com.api.automation.runner.TestNGRunner -->
    </test> <!-- Default test -->
  </suite> <!-- Default suite -->
</testng-results>
