<?xml version="1.0" encoding="UTF-8"?>
<!-- Generated by org.testng.reporters.JUnitReportReporter -->
<testsuite hostname="INWPF1VRP3X-AAD" failures="1" tests="7" name="com.api.automation.runner.TestNGRunner" time="8.748" errors="0" timestamp="2023-11-24T20:40:45 IST" skipped="0">
  <testcase classname="com.api.automation.runner.TestNGRunner" name="runScenario" time="0.470">
    <failure message="Expected Status Code is : 201" type="java.lang.AssertionError">
      <![CDATA[java.lang.AssertionError: Expected Status Code is : 201
at org.junit.Assert.fail(Assert.java:89)
at org.junit.Assert.assertTrue(Assert.java:42)
at com.api.automation.stepdef.ModifyUserDetailsStepDef.verifyStatusCode(ModifyUserDetailsStepDef.java:40)
at ✽.Verify status code using 201(file:///C:/Users/aganesh/eclipse-workspace/API_Automation/./Features/ModifyRecord.feature:36)
]]>
    </failure>
  </testcase> <!-- runScenario -->
  <system-out/>
  <testcase classname="com.api.automation.runner.TestNGRunner" name="runScenario" time="0.267"/>
  <system-out/>
  <testcase classname="com.api.automation.runner.TestNGRunner" name="runScenario" time="0.591"/>
  <system-out/>
  <testcase classname="com.api.automation.runner.TestNGRunner" name="runScenario" time="6.101"/>
  <system-out/>
  <testcase classname="com.api.automation.runner.TestNGRunner" name="runScenario" time="0.438"/>
  <system-out/>
  <testcase classname="com.api.automation.runner.TestNGRunner" name="runScenario" time="0.655"/>
  <system-out/>
  <testcase classname="com.api.automation.runner.TestNGRunner" name="runScenario" time="0.226"/>
  <system-out/>
</testsuite> <!-- com.api.automation.runner.TestNGRunner -->
