<?xml version="1.0" encoding="UTF-8"?>
<!-- Generated by org.testng.reporters.JUnitReportReporter -->
<testsuite hostname="INWPF1VRP3X-AAD" failures="1" tests="1" name="com.api.automation.runner.TestNGRunner" time="3.467" errors="0" timestamp="2023-11-30T23:15:29 IST" skipped="0">
  <testcase classname="com.api.automation.runner.TestNGRunner" name="runScenario" time="3.467">
    <failure message="Expected Status Code : 404" type="java.lang.AssertionError">
      <![CDATA[java.lang.AssertionError: Expected Status Code : 404
at org.junit.Assert.fail(Assert.java:89)
at org.junit.Assert.assertTrue(Assert.java:42)
at com.api.automation.stepdef.DeleteUserDetailsStepDef.verifyStatusCode(DeleteUserDetailsStepDef.java:32)
at ✽.Verify status Code as 404(file:///C:/Users/aganesh/eclipse-workspace/API_Automation/./Features/RemoveRecord.feature:26)
]]>
    </failure>
  </testcase> <!-- runScenario -->
  <system-out/>
</testsuite> <!-- com.api.automation.runner.TestNGRunner -->
